[36minfo[39m: Welcome to Appium v1.4.16 (REV ae6877eff263066b26328d457bd285c0cc62430d)
[36minfo[39m: Appium REST http interface listener started on 0.0.0.0:4491
[36minfo[39m: [debug] Non-default server args: {"udid":"b8bc1b72b0ec","port":4491,"bootstrapPort":2235}
[36minfo[39m: Console LogLevel: debug
[36minfo[39m: [37m-->[39m [37mPOST[39m [37m/wd/hub/session[39m [90m{"desiredCapabilities":{"appPackage":"com.hexin.hibar","appActivity":"com.hexin.hibar.activity.guide.IndexActivity","noSign":"True","newCommandTimeout":"600","unicodeKeyboard":"True","udid":"b8bc1b72b0ec","platformName":"Android","deviceName":"devicename","resetKeyboard":"True"}}[39m
[36minfo[39m: Client User-Agent string: Apache-HttpClient/4.5.2 (Java/1.8.0_40-ea)
[33mwarn[39m: Converting cap noSign from string to boolean. This might cause unexpected behavior.
[33mwarn[39m: Converting cap unicodeKeyboard from string to boolean. This might cause unexpected behavior.
[33mwarn[39m: Converting cap resetKeyboard from string to boolean. This might cause unexpected behavior.
[36minfo[39m: [debug] Didn't get app but did get Android package, will attempt to launch it on the device
[36minfo[39m: [debug] Creating new appium session e2467a47-3b42-4011-9ae2-ab5f3516a84d
[36minfo[39m: Starting android appium
[36minfo[39m: [debug] Getting Java version
[36minfo[39m: Java version is: 1.8.0_40-ea
[36minfo[39m: [debug] Checking whether adb is present
[36minfo[39m: [debug] Using adb from D:\android-sdk_r24.4.1-windows\sdk\platform-tools\adb.exe
[33mwarn[39m: No app capability, can't parse package/activity
[36minfo[39m: [debug] Using fast reset? true
[36minfo[39m: [debug] Preparing device for session
[36minfo[39m: [debug] Not checking whether app is present since we are assuming it's already on the device
[36minfo[39m: Retrieving device
[36minfo[39m: [debug] Trying to find a connected android device
[36minfo[39m: [debug] Getting connected devices...
[36minfo[39m: [debug] executing cmd: D:\android-sdk_r24.4.1-windows\sdk\platform-tools\adb.exe devices
[36minfo[39m: [debug] 2 device(s) connected
[36minfo[39m: Found device b8bc1b72b0ec
[36minfo[39m: [debug] Setting device id to b8bc1b72b0ec
[36minfo[39m: [debug] Waiting for device to be ready and to respond to shell commands (timeout = 5)
[36minfo[39m: [debug] executing cmd: D:\android-sdk_r24.4.1-windows\sdk\platform-tools\adb.exe -s b8bc1b72b0ec wait-for-device
[36minfo[39m: [debug] executing cmd: D:\android-sdk_r24.4.1-windows\sdk\platform-tools\adb.exe -s b8bc1b72b0ec shell "echo 'ready'"
[36minfo[39m: [debug] Starting logcat capture
[36minfo[39m: [debug] Getting device API level
[36minfo[39m: [debug] executing cmd: D:\android-sdk_r24.4.1-windows\sdk\platform-tools\adb.exe -s b8bc1b72b0ec shell "getprop ro.build.version.sdk"
[36minfo[39m: [debug] Device is at API Level 19
[36minfo[39m: Device API level is: 19
[36minfo[39m: [debug] Extracting strings for language: default
[36minfo[39m: [debug] Apk doesn't exist locally
[36minfo[39m: [debug] Could not get strings, but it looks like we had an old strings file anyway, so ignoring
[36minfo[39m: [debug] executing cmd: D:\android-sdk_r24.4.1-windows\sdk\platform-tools\adb.exe -s b8bc1b72b0ec shell "rm -rf /data/local/tmp/strings.json"
[36minfo[39m: [debug] Not uninstalling app since server not started with --full-reset
[36minfo[39m: [debug] Skipping install since we launched with a package instead of an app path
[36minfo[39m: [debug] Forwarding system:2235 to device:4724
[36minfo[39m: [debug] executing cmd: D:\android-sdk_r24.4.1-windows\sdk\platform-tools\adb.exe -s b8bc1b72b0ec forward tcp:2235 tcp:4724
[36minfo[39m: [debug] Pushing appium bootstrap to device...
[36minfo[39m: [debug] executing cmd: D:\android-sdk_r24.4.1-windows\sdk\platform-tools\adb.exe -s b8bc1b72b0ec push "D:\\Appium\\node_modules\\appium\\build\\android_bootstrap\\AppiumBootstrap.jar" /data/local/tmp/
[36minfo[39m: [debug] Enabling Unicode keyboard support
[36minfo[39m: [debug] Pushing unicode ime to device...
[36minfo[39m: [debug] executing cmd: D:\android-sdk_r24.4.1-windows\sdk\platform-tools\adb.exe -s b8bc1b72b0ec install "D:\Appium\node_modules\appium\build\unicode_ime_apk\UnicodeIME-debug.apk"
[36minfo[39m: [debug] executing cmd: D:\android-sdk_r24.4.1-windows\sdk\platform-tools\adb.exe -s b8bc1b72b0ec shell "settings get secure default_input_method"
[36minfo[39m: [debug] Unsetting IME 'io.appium.android.ime/.UnicodeIME'
[36minfo[39m: [debug] Setting IME to 'io.appium.android.ime/.UnicodeIME'
[36minfo[39m: [debug] executing cmd: D:\android-sdk_r24.4.1-windows\sdk\platform-tools\adb.exe -s b8bc1b72b0ec shell "ime enable io.appium.android.ime/.UnicodeIME"
[36minfo[39m: [debug] executing cmd: D:\android-sdk_r24.4.1-windows\sdk\platform-tools\adb.exe -s b8bc1b72b0ec shell "ime set io.appium.android.ime/.UnicodeIME"
[36minfo[39m: [debug] Pushing settings apk to device...
[36minfo[39m: [debug] executing cmd: D:\android-sdk_r24.4.1-windows\sdk\platform-tools\adb.exe -s b8bc1b72b0ec install "D:\Appium\node_modules\appium\build\settings_apk\settings_apk-debug.apk"
[36minfo[39m: [debug] Pushing unlock helper app to device...
[36minfo[39m: [debug] executing cmd: D:\android-sdk_r24.4.1-windows\sdk\platform-tools\adb.exe -s b8bc1b72b0ec install "D:\Appium\node_modules\appium\build\unlock_apk\unlock_apk-debug.apk"
[36minfo[39m: Starting App
[36minfo[39m: [debug] Attempting to kill all 'uiautomator' processes
[36minfo[39m: [debug] Getting all processes with 'uiautomator'
[36minfo[39m: [debug] executing cmd: D:\android-sdk_r24.4.1-windows\sdk\platform-tools\adb.exe -s b8bc1b72b0ec shell "ps 'uiautomator'"
[36minfo[39m: [debug] No matching processes found
[36minfo[39m: [debug] Running bootstrap
[36minfo[39m: [debug] spawning: D:\android-sdk_r24.4.1-windows\sdk\platform-tools\adb.exe -s b8bc1b72b0ec shell uiautomator runtest AppiumBootstrap.jar -c io.appium.android.bootstrap.Bootstrap -e pkg com.hexin.hibar -e disableAndroidWatchers false
[36minfo[39m: [debug] [90m[UIAUTOMATOR STDOUT] INSTRUMENTATION_STATUS: numtests=1[39m
[36minfo[39m: [debug] [90m[UIAUTOMATOR STDOUT] INSTRUMENTATION_STATUS: stream=[39m
[36minfo[39m: [debug] [90m[UIAUTOMATOR STDOUT] io.appium.android.bootstrap.Bootstrap:[39m
[36minfo[39m: [debug] [90m[UIAUTOMATOR STDOUT] INSTRUMENTATION_STATUS: id=UiAutomatorTestRunner[39m
[36minfo[39m: [debug] [90m[UIAUTOMATOR STDOUT] INSTRUMENTATION_STATUS: test=testRunServer[39m
[36minfo[39m: [debug] [90m[UIAUTOMATOR STDOUT] INSTRUMENTATION_STATUS: class=io.appium.android.bootstrap.Bootstrap[39m
[36minfo[39m: [debug] [90m[UIAUTOMATOR STDOUT] INSTRUMENTATION_STATUS: current=1[39m
[36minfo[39m: [debug] [90m[UIAUTOMATOR STDOUT] INSTRUMENTATION_STATUS_CODE: 1[39m
[36minfo[39m: [debug] [BOOTSTRAP] [debug] Socket opened on port 4724
[36minfo[39m: [debug] [BOOTSTRAP] [debug] Appium Socket Server Ready
[36minfo[39m: [debug] [BOOTSTRAP] [debug] Loading json...
[36minfo[39m: [debug] [BOOTSTRAP] [debug] Registered crash watchers.
[36minfo[39m: [debug] Waking up device if it's not alive
[36minfo[39m: [debug] Pushing command to appium work queue: ["wake",{}]
[36minfo[39m: [debug] [BOOTSTRAP] [debug] Client connected
[36minfo[39m: [debug] [BOOTSTRAP] [debug] Got data from client: {"cmd":"action","action":"wake","params":{}}
[36minfo[39m: [debug] [BOOTSTRAP] [debug] Got command of type ACTION
[36minfo[39m: [debug] [BOOTSTRAP] [debug] Got command action: wake
[36minfo[39m: [debug] [BOOTSTRAP] [debug] Returning result: {"value":true,"status":0}
[36minfo[39m: [debug] executing cmd: D:\android-sdk_r24.4.1-windows\sdk\platform-tools\adb.exe -s b8bc1b72b0ec shell "dumpsys window"
[36minfo[39m: [debug] Screen already unlocked, continuing.
[36minfo[39m: [debug] Pushing command to appium work queue: ["getDataDir",{}]
[36minfo[39m: [debug] [BOOTSTRAP] [debug] Got data from client: {"cmd":"action","action":"getDataDir","params":{}}
[36minfo[39m: [debug] [BOOTSTRAP] [debug] Got command of type ACTION
[36minfo[39m: [debug] [BOOTSTRAP] [debug] Got command action: getDataDir
[36minfo[39m: [debug] [BOOTSTRAP] [debug] Returning result: {"value":"\/data\/local\/tmp","status":0}
[36minfo[39m: [debug] dataDir set to: /data/local/tmp
[36minfo[39m: [debug] Pushing command to appium work queue: ["compressedLayoutHierarchy",{"compressLayout":false}]
[36minfo[39m: [debug] [BOOTSTRAP] [debug] Got data from client: {"cmd":"action","action":"compressedLayoutHierarchy","params":{"compressLayout":false}}
[36minfo[39m: [debug] [BOOTSTRAP] [debug] Got command of type ACTION
[36minfo[39m: [debug] [BOOTSTRAP] [debug] Got command action: compressedLayoutHierarchy
[36minfo[39m: [debug] [BOOTSTRAP] [debug] Returning result: {"value":false,"status":0}
[36minfo[39m: [debug] Getting device API level
[36minfo[39m: [debug] executing cmd: D:\android-sdk_r24.4.1-windows\sdk\platform-tools\adb.exe -s b8bc1b72b0ec shell "getprop ro.build.version.sdk"
[36minfo[39m: [debug] Device is at API Level 19
[36minfo[39m: [debug] executing cmd: D:\android-sdk_r24.4.1-windows\sdk\platform-tools\adb.exe -s b8bc1b72b0ec shell "am start -S -a android.intent.action.MAIN -c android.intent.category.LAUNCHER -f 0x10200000 -n com.hexin.hibar/com.hexin.hibar.activity.guide.IndexActivity"
[36minfo[39m: [debug] Waiting for pkg "com.hexin.hibar" and activity "com.hexin.hibar.activity.guide.IndexActivity" to be focused
[36minfo[39m: [debug] Getting focused package and activity
[36minfo[39m: [debug] executing cmd: D:\android-sdk_r24.4.1-windows\sdk\platform-tools\adb.exe -s b8bc1b72b0ec shell "dumpsys window windows"
[36minfo[39m: [debug] executing cmd: D:\android-sdk_r24.4.1-windows\sdk\platform-tools\adb.exe -s b8bc1b72b0ec shell "getprop ro.build.version.release"
[36minfo[39m: [debug] Device is at release version 4.4.4
[36minfo[39m: [debug] Device launched! Ready for commands
[36minfo[39m: [debug] Setting command timeout to 600 secs
[36minfo[39m: [debug] Appium session started with sessionId e2467a47-3b42-4011-9ae2-ab5f3516a84d
[36minfo[39m: [37m<-- POST /wd/hub/session [39m[36m303[39m[90m 10389.414 ms - 74[39m [90m[39m
[36minfo[39m: [37m-->[39m [37mGET[39m [37m/wd/hub/session/e2467a47-3b42-4011-9ae2-ab5f3516a84d[39m [90m{}[39m
[36minfo[39m: [debug] Responding to client with success: {"status":0,"value":{"platform":"LINUX","browserName":"Android","platformVersion":"4.4.4","webStorageEnabled":false,"takesScreenshot":true,"javascriptEnabled":true,"databaseEnabled":false,"networkConnectionEnabled":true,"locationContextEnabled":false,"warnings":{},"desired":{"appPackage":"com.hexin.hibar","appActivity":"com.hexin.hibar.activity.guide.IndexActivity","noSign":true,"newCommandTimeout":"600","unicodeKeyboard":true,"udid":"b8bc1b72b0ec","platformName":"Android","deviceName":"devicename","resetKeyboard":true},"appPackage":"com.hexin.hibar","appActivity":"com.hexin.hibar.activity.guide.IndexActivity","noSign":true,"newCommandTimeout":"600","unicodeKeyboard":true,"udid":"b8bc1b72b0ec","platformName":"Android","deviceName":"b8bc1b72b0ec","resetKeyboard":true},"sessionId":"e2467a47-3b42-4011-9ae2-ab5f3516a84d"}
[36minfo[39m: [37m<-- GET /wd/hub/session/e2467a47-3b42-4011-9ae2-ab5f3516a84d [39m[32m200[39m[90m 5.553 ms - 829[39m [90m{"status":0,"value":{"platform":"LINUX","browserName":"Android","platformVersion":"4.4.4","webStorageEnabled":false,"takesScreenshot":true,"javascriptEnabled":true,"databaseEnabled":false,"networkConnectionEnabled":true,"locationContextEnabled":false,"warnings":{},"desired":{"appPackage":"com.hexin.hibar","appActivity":"com.hexin.hibar.activity.guide.IndexActivity","noSign":true,"newCommandTimeout":"600","unicodeKeyboard":true,"udid":"b8bc1b72b0ec","platformName":"Android","deviceName":"devicename","resetKeyboard":true},"appPackage":"com.hexin.hibar","appActivity":"com.hexin.hibar.activity.guide.IndexActivity","noSign":true,"newCommandTimeout":"600","unicodeKeyboard":true,"udid":"b8bc1b72b0ec","platformName":"Android","deviceName":"b8bc1b72b0ec","resetKeyboard":true},"sessionId":"e2467a47-3b42-4011-9ae2-ab5f3516a84d"}[39m
[36minfo[39m: [37m-->[39m [37mPOST[39m [37m/wd/hub/session/e2467a47-3b42-4011-9ae2-ab5f3516a84d/timeouts[39m [90m{"type":"implicit","ms":10000}[39m
[36minfo[39m: [debug] Set Android implicit wait to 10000ms
[36minfo[39m: [debug] Responding to client with success: {"status":0,"value":null,"sessionId":"e2467a47-3b42-4011-9ae2-ab5f3516a84d"}
[36minfo[39m: [37m<-- POST /wd/hub/session/e2467a47-3b42-4011-9ae2-ab5f3516a84d/timeouts [39m[32m200[39m[90m 4.916 ms - 76[39m [90m{"status":0,"value":null,"sessionId":"e2467a47-3b42-4011-9ae2-ab5f3516a84d"}[39m
[36minfo[39m: [37m-->[39m [37mGET[39m [37m/wd/hub/session/e2467a47-3b42-4011-9ae2-ab5f3516a84d/appium/device/current_activity[39m [90m{}[39m
[36minfo[39m: [debug] Getting focused package and activity
[36minfo[39m: [debug] executing cmd: D:\android-sdk_r24.4.1-windows\sdk\platform-tools\adb.exe -s b8bc1b72b0ec shell "dumpsys window windows"
[36minfo[39m: [debug] Responding to client with success: {"status":0,"value":".activity.guide.IndexActivity","sessionId":"e2467a47-3b42-4011-9ae2-ab5f3516a84d"}
[36minfo[39m: [37m<-- GET /wd/hub/session/e2467a47-3b42-4011-9ae2-ab5f3516a84d/appium/device/current_activity [39m[32m200[39m[90m 103.259 ms - 103[39m [90m{"status":0,"value":".activity.guide.IndexActivity","sessionId":"e2467a47-3b42-4011-9ae2-ab5f3516a84d"}[39m
[36minfo[39m: [37m-->[39m [37mGET[39m [37m/wd/hub/session/e2467a47-3b42-4011-9ae2-ab5f3516a84d/source[39m [90m{}[39m
[36minfo[39m: [debug] Pushing command to appium work queue: ["source",{}]
[36minfo[39m: [debug] [BOOTSTRAP] [debug] Got data from client: {"cmd":"action","action":"source","params":{}}
[36minfo[39m: [debug] [BOOTSTRAP] [debug] Got command of type ACTION
[36minfo[39m: [debug] [BOOTSTRAP] [debug] Got command action: source
[36minfo[39m: [debug] [BOOTSTRAP] [debug] Returning result: {"value":"<?xml version=\"1.0\" encoding=\"UTF-8\"?><hierarchy rotation=\"0\"><android.widget.FrameLayout index=\"0\" text=\"\" class=\"android.widget.FrameLayout\" package=\"com.hexin.hibar\" content-desc=\"\" checkable=\"false\" checked=\"false\" clickable=\"false\" enabled=\"true\" focusable=\"false\" focused=\"false\" scrollable=\"false\" long-clickable=\"false\" password=\"false\" selected=\"false\" bounds=\"[0,0][720,1184]\" resource-id=\"\" instance=\"0\"><android.widget.LinearLayout index=\"0\" text=\"\" class=\"android.widget.LinearLayout\" package=\"com.hexin.hibar\" content-desc=\"\" checkable=\"false\" checked=\"false\" clickable=\"false\" enabled=\"true\" focusable=\"false\" focused=\"false\" scrollable=\"false\" long-clickable=\"false\" password=\"false\" selected=\"false\" bounds=\"[0,0][720,1184]\" resource-id=\"\" instance=\"0\"><android.widget.FrameLayout index=\"0\" text=\"\" class=\"android.widget.FrameLayout\" package=\"com.hexin.hibar\" content-desc=\"\" checkable=\"false\" checked=\"false\" clickable=\"false\" enabled=\"true\" focusable=\"false\" focused=\"false\" scrollable=\"false\" long-clickable=\"false\" password=\"false\" selected=\"false\" bounds=\"[0,0][720,1184]\" resource-id=\"android:id\/content\" instance=\"1\"><android.widget.LinearLayout index=\"0\" text=\"\" class=\"android.widget.LinearLayout\" package=\"com.hexin.hibar\" content-desc=\"\" checkable=\"false\" checked=\"false\" clickable=\"false\" enabled=\"true\" focusable=\"false\" focused=\"false\" scrollable=\"false\" long-clickable=\"false\" password=\"false\" selected=\"false\" bounds=\"[0,0][720,1184]\" resource-id=\"\" instance=\"1\"><android.widget.RelativeLayout index=\"0\" text=\"\" class=\"android.widget.RelativeLayout\" package=\"com.hexin.hibar\" content-desc=\"\" checkable=\"false\" checked=\"false\" clickable=\"false\" enabled=\"true\" focusable=\"false\" focused=\"false\" scrollable=\"false\" long-clickable=\"false\" password=\"false\" selected=\"false\" bounds=\"[0,50][720,1184]\" resource-id=\"\" instance=\"0\"><android.widget.ImageView index=\"0\" text=\"\" class=\"android.widget.ImageView\" package=\"com.hexin.hibar\" content-desc=\"\" checkable=\"false\" checked=\"false\" clickable=\"false\" enabled=\"true\" focusable=\"false\" focused=\"false\" scrollable=\"false\" long-clickable=\"false\" password=\"false\" selected=\"false\" bounds=\"[0,50][720,1184]\" resource-id=\"com.hexin.hibar:id\/index_image\" instance=\"0\"\/><\/android.widget.RelativeLayout><\/android.widget.LinearLayout><\/android.widget.FrameLayout><\/android.widget.LinearLayout><android.view.View index=\"1\" text=\"\" class=\"android.view.View\" package=\"com.hexin.hibar\" content-desc=\"\" checkable=\"false\" checked=\"false\" clickable=\"false\" enabled=\"true\" focusable=\"false\" focused=\"false\" scrollable=\"false\" long-clickable=\"false\" password=\"false\" selected=\"false\" bounds=\"[0,0][720,50]\" resource-id=\"\" instance=\"0\"\/><\/android.widget.FrameLayout><\/hierarchy>","status":0}
[36minfo[39m: [debug] Responding to client with success: {"status":0,"value":"<?xml version=\"1.0\" encoding=\"UTF-8\"?><hierarchy rotation=\"0\"><android.widget.FrameLayout index=\"0\" text=\"\" class=\"android.widget.FrameLayout\" package=\"com.hexin.hibar\" content-desc=\"\" checkable=\"false\" checked=\"false\" clickable=\"false\" enabled=\"true\" focusable=\"false\" focused=\"false\" scrollable=\"false\" long-clickable=\"false\" password=\"false\" selected=\"false\" bounds=\"[0,0][720,1184]\" resource-id=\"\" instance=\"0\"><android.widget.LinearLayout index=\"0\" text=\"\" class=\"android.widget.LinearLayout\" package=\"com.hexin.hibar\" content-desc=\"\" checkable=\"false\" checked=\"false\" clickable=\"false\" enabled=\"true\" focusable=\"false\" focused=\"false\" scrollable=\"false\" long-clickable=\"false\" password=\"false\" selected=\"false\" bounds=\"[0,0][720,1184]\" resource-id=\"\" instance=\"0\"><android.widget.FrameLayout index=\"0\" text=\"\" class=\"android.widget.FrameLayout\" package=\"com.hexin.hibar\" content-desc=\"\" checkable=\"false\" checked=\"false\" clickable=\"false\" enabled=\"true\" focusable=\"false\" focused=\"false\" scroll...","sessionId":"e2467a47-3b42-4011-9ae2-ab5f3516a84d"}
[36minfo[39m: [37m<-- GET /wd/hub/session/e2467a47-3b42-4011-9ae2-ab5f3516a84d/source [39m[32m200[39m[90m 451.753 ms - 3065[39m [90m{"status":0,"value":"<?xml version=\"1.0\" encoding=\"UTF-8\"?><hierarchy rotation=\"0\"><android.widget.FrameLayout index=\"0\" text=\"\" class=\"android.widget.FrameLayout\" package=\"com.hexin.hibar\" content-desc=\"\" checkable=\"false\" checked=\"false\" clickable=\"false\" enabled=\"true\" focusable=\"false\" focused=\"false\" scrollable=\"false\" long-clickable=\"false\" password=\"false\" selected=\"false\" bounds=\"[0,0][720,1184]\" resource-id=\"\" instance=\"0\"><android.widget.LinearLayout index=\"0\" text=\"\" class=\"android.widget.LinearLayout\" package=\"com.hexin.hibar\" content-desc=\"\" checkable=\"false\" checked=\"false\" clickable=\"false\" enabled=\"true\" focusable=\"false\" focused=\"false\" scrollable=\"false\" long-clickable=\"false\" password=\"false\" selected=\"false\" bounds=\"[0,0][720,1184]\" resource-id=\"\" instance=\"0\"><android.widget.FrameLayout index=\"0\" text=\"\" class=\"android.widget.FrameLayout\" package=\"com.hexin.hibar\" content-desc=\"\" checkable=\"false\" checked=\"false\" clickable=\"false\" enabled=\"true\" focusable=\"false\" focused=\"false\" scroll...","sessionId":"e2467a47-3b42-4011-9ae2-ab5f3516a84d"}[39m
[36minfo[39m: [37m-->[39m [37mPOST[39m [37m/wd/hub/session/e2467a47-3b42-4011-9ae2-ab5f3516a84d/element[39m [90m{"using":"id","value":"com.hexin.hibar:id/login_phone"}[39m
[36minfo[39m: [debug] Waiting up to 10000ms for condition
[36minfo[39m: [debug] Pushing command to appium work queue: ["find",{"strategy":"id","selector":"com.hexin.hibar:id/login_phone","context":"","multiple":false}]
[36minfo[39m: [debug] [BOOTSTRAP] [debug] Got data from client: {"cmd":"action","action":"find","params":{"strategy":"id","selector":"com.hexin.hibar:id/login_phone","context":"","multiple":false}}
[36minfo[39m: [debug] [BOOTSTRAP] [debug] Got command of type ACTION
[36minfo[39m: [debug] [BOOTSTRAP] [debug] Got command action: find
[36minfo[39m: [debug] [BOOTSTRAP] [debug] Finding com.hexin.hibar:id/login_phone using ID with the contextId:  multiple: false
[36minfo[39m: [debug] [BOOTSTRAP] [debug] Using: UiSelector[INSTANCE=0, RESOURCE_ID=com.hexin.hibar:id/login_phone]
[36minfo[39m: [debug] [BOOTSTRAP] [debug] Failed to locate element. Clearing Accessibility cache and retrying.
[36minfo[39m: [debug] [BOOTSTRAP] [debug] Finding com.hexin.hibar:id/login_phone using ID with the contextId:  multiple: false
[36minfo[39m: [debug] [BOOTSTRAP] [debug] Using: UiSelector[INSTANCE=0, RESOURCE_ID=com.hexin.hibar:id/login_phone]
[36minfo[39m: [debug] [BOOTSTRAP] [debug] Returning result: {"value":"No element found","status":7}
[36minfo[39m: [debug] Waited for 380ms so far
[36minfo[39m: [debug] Pushing command to appium work queue: ["find",{"strategy":"id","selector":"com.hexin.hibar:id/login_phone","context":"","multiple":false}]
[36minfo[39m: [debug] [BOOTSTRAP] [debug] Got data from client: {"cmd":"action","action":"find","params":{"strategy":"id","selector":"com.hexin.hibar:id/login_phone","context":"","multiple":false}}
[36minfo[39m: [debug] [BOOTSTRAP] [debug] Got command of type ACTION
[36minfo[39m: [debug] [BOOTSTRAP] [debug] Got command action: find
[36minfo[39m: [debug] [BOOTSTRAP] [debug] Finding com.hexin.hibar:id/login_phone using ID with the contextId:  multiple: false
[36minfo[39m: [debug] [BOOTSTRAP] [debug] Using: UiSelector[INSTANCE=0, RESOURCE_ID=com.hexin.hibar:id/login_phone]
[36minfo[39m: [debug] [BOOTSTRAP] [debug] Failed to locate element. Clearing Accessibility cache and retrying.
[36minfo[39m: [debug] [BOOTSTRAP] [debug] Finding com.hexin.hibar:id/login_phone using ID with the contextId:  multiple: false
[36minfo[39m: [debug] [BOOTSTRAP] [debug] Using: UiSelector[INSTANCE=0, RESOURCE_ID=com.hexin.hibar:id/login_phone]
[36minfo[39m: [debug] [BOOTSTRAP] [debug] Returning result: {"value":"No element found","status":7}
[36minfo[39m: [debug] Waited for 966ms so far
[36minfo[39m: [debug] Pushing command to appium work queue: ["find",{"strategy":"id","selector":"com.hexin.hibar:id/login_phone","context":"","multiple":false}]
[36minfo[39m: [debug] [BOOTSTRAP] [debug] Got data from client: {"cmd":"action","action":"find","params":{"strategy":"id","selector":"com.hexin.hibar:id/login_phone","context":"","multiple":false}}
[36minfo[39m: [debug] [BOOTSTRAP] [debug] Got command of type ACTION
[36minfo[39m: [debug] [BOOTSTRAP] [debug] Got command action: find
[36minfo[39m: [debug] [BOOTSTRAP] [debug] Finding com.hexin.hibar:id/login_phone using ID with the contextId:  multiple: false
[36minfo[39m: [debug] [BOOTSTRAP] [debug] Using: UiSelector[INSTANCE=0, RESOURCE_ID=com.hexin.hibar:id/login_phone]
[36minfo[39m: [debug] [BOOTSTRAP] [debug] Returning result: {"value":{"ELEMENT":"1"},"status":0}
[36minfo[39m: [debug] Responding to client with success: {"status":0,"value":{"ELEMENT":"1"},"sessionId":"e2467a47-3b42-4011-9ae2-ab5f3516a84d"}
[36minfo[39m: [37m<-- POST /wd/hub/session/e2467a47-3b42-4011-9ae2-ab5f3516a84d/element [39m[32m200[39m[90m 1560.039 ms - 87[39m [90m{"status":0,"value":{"ELEMENT":"1"},"sessionId":"e2467a47-3b42-4011-9ae2-ab5f3516a84d"}[39m
[36minfo[39m: [37m-->[39m [37mPOST[39m [37m/wd/hub/session/e2467a47-3b42-4011-9ae2-ab5f3516a84d/element/1/value[39m [90m{"id":"1","value":["18011210012"]}[39m
[36minfo[39m: [debug] Pushing command to appium work queue: ["element:setText",{"elementId":"1","text":"18011210012","replace":false,"unicodeKeyboard":true}]
[36minfo[39m: [debug] [BOOTSTRAP] [debug] Got data from client: {"cmd":"action","action":"element:setText","params":{"elementId":"1","text":"18011210012","replace":false,"unicodeKeyboard":true}}
[36minfo[39m: [debug] [BOOTSTRAP] [debug] Got command of type ACTION
[36minfo[39m: [debug] [BOOTSTRAP] [debug] Got command action: setText
[36minfo[39m: [debug] [BOOTSTRAP] [debug] Using element passed in.
[36minfo[39m: [debug] [BOOTSTRAP] [debug] Attempting to clear using UiObject.clearText().
[36minfo[39m: [debug] [BOOTSTRAP] [debug] Text remains after clearing, but it appears to be hint text.
[36minfo[39m: [debug] [BOOTSTRAP] [debug] Text not cleared. Assuming remainder is hint text.
[36minfo[39m: [debug] [BOOTSTRAP] [debug] Sending plain text to element: 18011210012
[36minfo[39m: [debug] [BOOTSTRAP] [debug] Returning result: {"value":true,"status":0}
[36minfo[39m: [debug] Responding to client with success: {"status":0,"value":true,"sessionId":"e2467a47-3b42-4011-9ae2-ab5f3516a84d"}
[36minfo[39m: [37m<-- POST /wd/hub/session/e2467a47-3b42-4011-9ae2-ab5f3516a84d/element/1/value [39m[32m200[39m[90m 6303.317 ms - 76[39m [90m{"status":0,"value":true,"sessionId":"e2467a47-3b42-4011-9ae2-ab5f3516a84d"}[39m
[36minfo[39m: [37m-->[39m [37mPOST[39m [37m/wd/hub/session/e2467a47-3b42-4011-9ae2-ab5f3516a84d/element[39m [90m{"using":"id","value":"com.hexin.hibar:id/login_edit"}[39m
[36minfo[39m: [debug] Waiting up to 10000ms for condition
[36minfo[39m: [debug] Pushing command to appium work queue: ["find",{"strategy":"id","selector":"com.hexin.hibar:id/login_edit","context":"","multiple":false}]
[36minfo[39m: [debug] [BOOTSTRAP] [debug] Got data from client: {"cmd":"action","action":"find","params":{"strategy":"id","selector":"com.hexin.hibar:id/login_edit","context":"","multiple":false}}
[36minfo[39m: [debug] [BOOTSTRAP] [debug] Got command of type ACTION
[36minfo[39m: [debug] [BOOTSTRAP] [debug] Got command action: find
[36minfo[39m: [debug] [BOOTSTRAP] [debug] Finding com.hexin.hibar:id/login_edit using ID with the contextId:  multiple: false
[36minfo[39m: [debug] [BOOTSTRAP] [debug] Using: UiSelector[INSTANCE=0, RESOURCE_ID=com.hexin.hibar:id/login_edit]
[36minfo[39m: [debug] [BOOTSTRAP] [debug] Returning result: {"value":{"ELEMENT":"2"},"status":0}
[36minfo[39m: [debug] Responding to client with success: {"status":0,"value":{"ELEMENT":"2"},"sessionId":"e2467a47-3b42-4011-9ae2-ab5f3516a84d"}
[36minfo[39m: [37m<-- POST /wd/hub/session/e2467a47-3b42-4011-9ae2-ab5f3516a84d/element [39m[32m200[39m[90m 512.163 ms - 87[39m [90m{"status":0,"value":{"ELEMENT":"2"},"sessionId":"e2467a47-3b42-4011-9ae2-ab5f3516a84d"}[39m
[36minfo[39m: [37m-->[39m [37mPOST[39m [37m/wd/hub/session/e2467a47-3b42-4011-9ae2-ab5f3516a84d/element/2/value[39m [90m{"id":"2","value":["1234"]}[39m
[36minfo[39m: [debug] Pushing command to appium work queue: ["element:setText",{"elementId":"2","text":"1234","replace":false,"unicodeKeyboard":true}]
[36minfo[39m: [debug] [BOOTSTRAP] [debug] Got data from client: {"cmd":"action","action":"element:setText","params":{"elementId":"2","text":"1234","replace":false,"unicodeKeyboard":true}}
[36minfo[39m: [debug] [BOOTSTRAP] [debug] Got command of type ACTION
[36minfo[39m: [debug] [BOOTSTRAP] [debug] Got command action: setText
[36minfo[39m: [debug] [BOOTSTRAP] [debug] Using element passed in.
[36minfo[39m: [debug] [BOOTSTRAP] [debug] Attempting to clear using UiObject.clearText().
[36minfo[39m: [debug] [BOOTSTRAP] [debug] Text remains after clearing, but it appears to be hint text.
[36minfo[39m: [debug] [BOOTSTRAP] [debug] Text not cleared. Assuming remainder is hint text.
[36minfo[39m: [debug] [BOOTSTRAP] [debug] Sending plain text to element: 1234
[36minfo[39m: [debug] [BOOTSTRAP] [debug] Returning result: {"value":true,"status":0}
[36minfo[39m: [debug] Responding to client with success: {"status":0,"value":true,"sessionId":"e2467a47-3b42-4011-9ae2-ab5f3516a84d"}
[36minfo[39m: [37m<-- POST /wd/hub/session/e2467a47-3b42-4011-9ae2-ab5f3516a84d/element/2/value [39m[32m200[39m[90m 5277.608 ms - 76[39m [90m{"status":0,"value":true,"sessionId":"e2467a47-3b42-4011-9ae2-ab5f3516a84d"}[39m
[36minfo[39m: [37m-->[39m [37mPOST[39m [37m/wd/hub/session/e2467a47-3b42-4011-9ae2-ab5f3516a84d/element[39m [90m{"using":"id","value":"com.hexin.hibar:id/login_ym"}[39m
[36minfo[39m: [debug] Waiting up to 10000ms for condition
[36minfo[39m: [debug] Pushing command to appium work queue: ["find",{"strategy":"id","selector":"com.hexin.hibar:id/login_ym","context":"","multiple":false}]
[36minfo[39m: [debug] [BOOTSTRAP] [debug] Got data from client: {"cmd":"action","action":"find","params":{"strategy":"id","selector":"com.hexin.hibar:id/login_ym","context":"","multiple":false}}
[36minfo[39m: [debug] [BOOTSTRAP] [debug] Got command of type ACTION
[36minfo[39m: [debug] [BOOTSTRAP] [debug] Got command action: find
[36minfo[39m: [debug] [BOOTSTRAP] [debug] Finding com.hexin.hibar:id/login_ym using ID with the contextId:  multiple: false
[36minfo[39m: [debug] [BOOTSTRAP] [debug] Using: UiSelector[INSTANCE=0, RESOURCE_ID=com.hexin.hibar:id/login_ym]
[36minfo[39m: [debug] [BOOTSTRAP] [debug] Returning result: {"value":{"ELEMENT":"3"},"status":0}
[36minfo[39m: [debug] Responding to client with success: {"status":0,"value":{"ELEMENT":"3"},"sessionId":"e2467a47-3b42-4011-9ae2-ab5f3516a84d"}
[36minfo[39m: [37m<-- POST /wd/hub/session/e2467a47-3b42-4011-9ae2-ab5f3516a84d/element [39m[32m200[39m[90m 497.255 ms - 87[39m [90m{"status":0,"value":{"ELEMENT":"3"},"sessionId":"e2467a47-3b42-4011-9ae2-ab5f3516a84d"}[39m
[36minfo[39m: [37m-->[39m [37mPOST[39m [37m/wd/hub/session/e2467a47-3b42-4011-9ae2-ab5f3516a84d/element/3/click[39m [90m{"id":"3"}[39m
[36minfo[39m: [debug] Pushing command to appium work queue: ["element:click",{"elementId":"3"}]
[36minfo[39m: [debug] [BOOTSTRAP] [debug] Got data from client: {"cmd":"action","action":"element:click","params":{"elementId":"3"}}
[36minfo[39m: [debug] [BOOTSTRAP] [debug] Got command of type ACTION
[36minfo[39m: [debug] [BOOTSTRAP] [debug] Got command action: click
[36minfo[39m: [debug] [BOOTSTRAP] [debug] Returning result: {"value":true,"status":0}
[36minfo[39m: [debug] Responding to client with success: {"status":0,"value":true,"sessionId":"e2467a47-3b42-4011-9ae2-ab5f3516a84d"}
[36minfo[39m: [37m<-- POST /wd/hub/session/e2467a47-3b42-4011-9ae2-ab5f3516a84d/element/3/click [39m[32m200[39m[90m 284.128 ms - 76[39m [90m{"status":0,"value":true,"sessionId":"e2467a47-3b42-4011-9ae2-ab5f3516a84d"}[39m
[36minfo[39m: [37m-->[39m [37mPOST[39m [37m/wd/hub/session/e2467a47-3b42-4011-9ae2-ab5f3516a84d/element[39m [90m{"using":"id","value":"com.hexin.hibar:id/login_btn"}[39m
[36minfo[39m: [debug] Waiting up to 10000ms for condition
[36minfo[39m: [debug] Pushing command to appium work queue: ["find",{"strategy":"id","selector":"com.hexin.hibar:id/login_btn","context":"","multiple":false}]
[36minfo[39m: [debug] [BOOTSTRAP] [debug] Got data from client: {"cmd":"action","action":"find","params":{"strategy":"id","selector":"com.hexin.hibar:id/login_btn","context":"","multiple":false}}
[36minfo[39m: [debug] [BOOTSTRAP] [debug] Got command of type ACTION
[36minfo[39m: [debug] [BOOTSTRAP] [debug] Got command action: find
[36minfo[39m: [debug] [BOOTSTRAP] [debug] Finding com.hexin.hibar:id/login_btn using ID with the contextId:  multiple: false
[36minfo[39m: [debug] [BOOTSTRAP] [debug] Using: UiSelector[INSTANCE=0, RESOURCE_ID=com.hexin.hibar:id/login_btn]
[36minfo[39m: [debug] [BOOTSTRAP] [debug] Returning result: {"value":{"ELEMENT":"4"},"status":0}
[36minfo[39m: [debug] Responding to client with success: {"status":0,"value":{"ELEMENT":"4"},"sessionId":"e2467a47-3b42-4011-9ae2-ab5f3516a84d"}
[36minfo[39m: [37m<-- POST /wd/hub/session/e2467a47-3b42-4011-9ae2-ab5f3516a84d/element [39m[32m200[39m[90m 601.334 ms - 87[39m [90m{"status":0,"value":{"ELEMENT":"4"},"sessionId":"e2467a47-3b42-4011-9ae2-ab5f3516a84d"}[39m
[36minfo[39m: [37m-->[39m [37mPOST[39m [37m/wd/hub/session/e2467a47-3b42-4011-9ae2-ab5f3516a84d/element/4/click[39m [90m{"id":"4"}[39m
[36minfo[39m: [debug] Pushing command to appium work queue: ["element:click",{"elementId":"4"}]
[36minfo[39m: [debug] [BOOTSTRAP] [debug] Got data from client: {"cmd":"action","action":"element:click","params":{"elementId":"4"}}
[36minfo[39m: [debug] [BOOTSTRAP] [debug] Got command of type ACTION
[36minfo[39m: [debug] [BOOTSTRAP] [debug] Got command action: click
[36minfo[39m: [debug] [BOOTSTRAP] [debug] Returning result: {"value":true,"status":0}
[36minfo[39m: [debug] Responding to client with success: {"status":0,"value":true,"sessionId":"e2467a47-3b42-4011-9ae2-ab5f3516a84d"}
[36minfo[39m: [37m<-- POST /wd/hub/session/e2467a47-3b42-4011-9ae2-ab5f3516a84d/element/4/click [39m[32m200[39m[90m 476.428 ms - 76[39m [90m{"status":0,"value":true,"sessionId":"e2467a47-3b42-4011-9ae2-ab5f3516a84d"}[39m
[36minfo[39m: [37m-->[39m [37mPOST[39m [37m/wd/hub/session/e2467a47-3b42-4011-9ae2-ab5f3516a84d/element[39m [90m{"using":"name","value":"消息"}[39m
[33mwarn[39m: [DEPRECATED] The name locator strategy has been deprecated and will be removed.  Please use the accessibility id locator strategy instead.
[36minfo[39m: [debug] Waiting up to 10000ms for condition
[36minfo[39m: [debug] Pushing command to appium work queue: ["find",{"strategy":"name","selector":"消息","context":"","multiple":false}]
[36minfo[39m: [debug] [BOOTSTRAP] [debug] Got data from client: {"cmd":"action","action":"find","params":{"strategy":"name","selector":"消息","context":"","multiple":false}}
[36minfo[39m: [debug] [BOOTSTRAP] [debug] Got command of type ACTION
[36minfo[39m: [debug] [BOOTSTRAP] [debug] Got command action: find
[36minfo[39m: [debug] [BOOTSTRAP] [debug] Finding 消息 using NAME with the contextId:  multiple: false
[36minfo[39m: [debug] [BOOTSTRAP] [debug] Using: UiSelector[DESCRIPTION=消息, INSTANCE=0]
[36minfo[39m: [debug] [BOOTSTRAP] [debug] Using: UiSelector[TEXT=消息, INSTANCE=0]
[36minfo[39m: [debug] [BOOTSTRAP] [debug] Returning result: {"value":{"ELEMENT":"5"},"status":0}
[36minfo[39m: [debug] Responding to client with success: {"status":0,"value":{"ELEMENT":"5"},"sessionId":"e2467a47-3b42-4011-9ae2-ab5f3516a84d"}
[36minfo[39m: [37m<-- POST /wd/hub/session/e2467a47-3b42-4011-9ae2-ab5f3516a84d/element [39m[32m200[39m[90m 3574.285 ms - 87[39m [90m{"status":0,"value":{"ELEMENT":"5"},"sessionId":"e2467a47-3b42-4011-9ae2-ab5f3516a84d"}[39m
[36minfo[39m: [37m-->[39m [37mPOST[39m [37m/wd/hub/session/e2467a47-3b42-4011-9ae2-ab5f3516a84d/element[39m [90m{"using":"name","value":"消息"}[39m
[36minfo[39m: [debug] Waiting up to 10000ms for condition
[36minfo[39m: [debug] Pushing command to appium work queue: ["find",{"strategy":"name","selector":"消息","context":"","multiple":false}]
[36minfo[39m: [debug] [BOOTSTRAP] [debug] Got data from client: {"cmd":"action","action":"find","params":{"strategy":"name","selector":"消息","context":"","multiple":false}}
[36minfo[39m: [debug] [BOOTSTRAP] [debug] Got command of type ACTION
[36minfo[39m: [debug] [BOOTSTRAP] [debug] Got command action: find
[36minfo[39m: [debug] [BOOTSTRAP] [debug] Finding 消息 using NAME with the contextId:  multiple: false
[36minfo[39m: [debug] [BOOTSTRAP] [debug] Using: UiSelector[DESCRIPTION=消息, INSTANCE=0]
[36minfo[39m: [debug] [BOOTSTRAP] [debug] Using: UiSelector[TEXT=消息, INSTANCE=0]
[36minfo[39m: [debug] [BOOTSTRAP] [debug] Returning result: {"value":{"ELEMENT":"6"},"status":0}
[36minfo[39m: [debug] Responding to client with success: {"status":0,"value":{"ELEMENT":"6"},"sessionId":"e2467a47-3b42-4011-9ae2-ab5f3516a84d"}
[36minfo[39m: [37m<-- POST /wd/hub/session/e2467a47-3b42-4011-9ae2-ab5f3516a84d/element [39m[32m200[39m[90m 458.846 ms - 87[39m [90m{"status":0,"value":{"ELEMENT":"6"},"sessionId":"e2467a47-3b42-4011-9ae2-ab5f3516a84d"}[39m
[36minfo[39m: [37m-->[39m [37mPOST[39m [37m/wd/hub/session/e2467a47-3b42-4011-9ae2-ab5f3516a84d/element/6/click[39m [90m{"id":"6"}[39m
[36minfo[39m: [debug] Pushing command to appium work queue: ["element:click",{"elementId":"6"}]
[36minfo[39m: [debug] [BOOTSTRAP] [debug] Got data from client: {"cmd":"action","action":"element:click","params":{"elementId":"6"}}
[36minfo[39m: [debug] [BOOTSTRAP] [debug] Got command of type ACTION
[36minfo[39m: [debug] [BOOTSTRAP] [debug] Got command action: click
[36minfo[39m: [debug] [BOOTSTRAP] [debug] Returning result: {"value":true,"status":0}
[36minfo[39m: [debug] Responding to client with success: {"status":0,"value":true,"sessionId":"e2467a47-3b42-4011-9ae2-ab5f3516a84d"}
[36minfo[39m: [37m<-- POST /wd/hub/session/e2467a47-3b42-4011-9ae2-ab5f3516a84d/element/6/click [39m[32m200[39m[90m 1970.315 ms - 76[39m [90m{"status":0,"value":true,"sessionId":"e2467a47-3b42-4011-9ae2-ab5f3516a84d"}[39m
[36minfo[39m: [37m-->[39m [37mPOST[39m [37m/wd/hub/session/e2467a47-3b42-4011-9ae2-ab5f3516a84d/element[39m [90m{"using":"name","value":"海洋之心荷花#*"}[39m
[36minfo[39m: [debug] Waiting up to 10000ms for condition
[36minfo[39m: [debug] Pushing command to appium work queue: ["find",{"strategy":"name","selector":"海洋之心荷花#*","context":"","multiple":false}]
[36minfo[39m: [debug] [BOOTSTRAP] [debug] Got data from client: {"cmd":"action","action":"find","params":{"strategy":"name","selector":"海洋之心荷花#*","context":"","multiple":false}}
[36minfo[39m: [debug] [BOOTSTRAP] [debug] Got command of type ACTION
[36minfo[39m: [debug] [BOOTSTRAP] [debug] Got command action: find
[36minfo[39m: [debug] [BOOTSTRAP] [debug] Finding 海洋之心荷花#* using NAME with the contextId:  multiple: false
[36minfo[39m: [debug] [BOOTSTRAP] [debug] Using: UiSelector[DESCRIPTION=海洋之心荷花#*, INSTANCE=0]
[36minfo[39m: [debug] [BOOTSTRAP] [debug] Using: UiSelector[TEXT=海洋之心荷花#*, INSTANCE=0]
[36minfo[39m: [debug] [BOOTSTRAP] [debug] Failed to locate element. Clearing Accessibility cache and retrying.
[36minfo[39m: [debug] [BOOTSTRAP] [debug] Finding 海洋之心荷花#* using NAME with the contextId:  multiple: false
[36minfo[39m: [debug] [BOOTSTRAP] [debug] Using: UiSelector[DESCRIPTION=海洋之心荷花#*, INSTANCE=0]
[36minfo[39m: [debug] [BOOTSTRAP] [debug] Using: UiSelector[TEXT=海洋之心荷花#*, INSTANCE=0]
[36minfo[39m: [debug] [BOOTSTRAP] [debug] Returning result: {"value":"No element found","status":7}
[36minfo[39m: [debug] Waited for 431ms so far
[36minfo[39m: [debug] Pushing command to appium work queue: ["find",{"strategy":"name","selector":"海洋之心荷花#*","context":"","multiple":false}]
[36minfo[39m: [debug] [BOOTSTRAP] [debug] Got data from client: {"cmd":"action","action":"find","params":{"strategy":"name","selector":"海洋之心荷花#*","context":"","multiple":false}}
[36minfo[39m: [debug] [BOOTSTRAP] [debug] Got command of type ACTION
[36minfo[39m: [debug] [BOOTSTRAP] [debug] Got command action: find
[36minfo[39m: [debug] [BOOTSTRAP] [debug] Finding 海洋之心荷花#* using NAME with the contextId:  multiple: false
[36minfo[39m: [debug] [BOOTSTRAP] [debug] Using: UiSelector[DESCRIPTION=海洋之心荷花#*, INSTANCE=0]
[36minfo[39m: [debug] [BOOTSTRAP] [debug] Using: UiSelector[TEXT=海洋之心荷花#*, INSTANCE=0]
[36minfo[39m: [debug] [BOOTSTRAP] [debug] Failed to locate element. Clearing Accessibility cache and retrying.
[36minfo[39m: [debug] [BOOTSTRAP] [debug] Finding 海洋之心荷花#* using NAME with the contextId:  multiple: false
[36minfo[39m: [debug] [BOOTSTRAP] [debug] Using: UiSelector[DESCRIPTION=海洋之心荷花#*, INSTANCE=0]
[36minfo[39m: [debug] [BOOTSTRAP] [debug] Using: UiSelector[TEXT=海洋之心荷花#*, INSTANCE=0]
[36minfo[39m: [debug] [BOOTSTRAP] [debug] Returning result: {"value":"No element found","status":7}
[36minfo[39m: [debug] Waited for 1295ms so far
[36minfo[39m: [debug] Pushing command to appium work queue: ["find",{"strategy":"name","selector":"海洋之心荷花#*","context":"","multiple":false}]
[36minfo[39m: [debug] [BOOTSTRAP] [debug] Got data from client: {"cmd":"action","action":"find","params":{"strategy":"name","selector":"海洋之心荷花#*","context":"","multiple":false}}
[36minfo[39m: [debug] [BOOTSTRAP] [debug] Got command of type ACTION
[36minfo[39m: [debug] [BOOTSTRAP] [debug] Got command action: find
[36minfo[39m: [debug] [BOOTSTRAP] [debug] Finding 海洋之心荷花#* using NAME with the contextId:  multiple: false
[36minfo[39m: [debug] [BOOTSTRAP] [debug] Using: UiSelector[DESCRIPTION=海洋之心荷花#*, INSTANCE=0]
[36minfo[39m: [debug] [BOOTSTRAP] [debug] Using: UiSelector[TEXT=海洋之心荷花#*, INSTANCE=0]
[36minfo[39m: [debug] [BOOTSTRAP] [debug] Failed to locate element. Clearing Accessibility cache and retrying.
[36minfo[39m: [debug] [BOOTSTRAP] [debug] Finding 海洋之心荷花#* using NAME with the contextId:  multiple: false
[36minfo[39m: [debug] [BOOTSTRAP] [debug] Using: UiSelector[DESCRIPTION=海洋之心荷花#*, INSTANCE=0]
[36minfo[39m: [debug] [BOOTSTRAP] [debug] Using: UiSelector[TEXT=海洋之心荷花#*, INSTANCE=0]
[36minfo[39m: [debug] Waited for 2184ms so far
[36minfo[39m: [debug] [BOOTSTRAP] [debug] Returning result: {"value":"No element found","status":7}
[36minfo[39m: [debug] Pushing command to appium work queue: ["find",{"strategy":"name","selector":"海洋之心荷花#*","context":"","multiple":false}]
[36minfo[39m: [debug] [BOOTSTRAP] [debug] Got data from client: {"cmd":"action","action":"find","params":{"strategy":"name","selector":"海洋之心荷花#*","context":"","multiple":false}}
[36minfo[39m: [debug] [BOOTSTRAP] [debug] Got command of type ACTION
[36minfo[39m: [debug] [BOOTSTRAP] [debug] Got command action: find
[36minfo[39m: [debug] [BOOTSTRAP] [debug] Finding 海洋之心荷花#* using NAME with the contextId:  multiple: false
[36minfo[39m: [debug] [BOOTSTRAP] [debug] Using: UiSelector[DESCRIPTION=海洋之心荷花#*, INSTANCE=0]
[36minfo[39m: [debug] [BOOTSTRAP] [debug] Using: UiSelector[TEXT=海洋之心荷花#*, INSTANCE=0]
[36minfo[39m: [debug] [BOOTSTRAP] [debug] Failed to locate element. Clearing Accessibility cache and retrying.
[36minfo[39m: [debug] [BOOTSTRAP] [debug] Finding 海洋之心荷花#* using NAME with the contextId:  multiple: false
[36minfo[39m: [debug] [BOOTSTRAP] [debug] Using: UiSelector[DESCRIPTION=海洋之心荷花#*, INSTANCE=0]
[36minfo[39m: [debug] [BOOTSTRAP] [debug] Using: UiSelector[TEXT=海洋之心荷花#*, INSTANCE=0]
[36minfo[39m: [debug] [BOOTSTRAP] [debug] Returning result: {"value":"No element found","status":7}
[36minfo[39m: [debug] Waited for 3062ms so far
[36minfo[39m: [debug] Pushing command to appium work queue: ["find",{"strategy":"name","selector":"海洋之心荷花#*","context":"","multiple":false}]
[36minfo[39m: [debug] [BOOTSTRAP] [debug] Got data from client: {"cmd":"action","action":"find","params":{"strategy":"name","selector":"海洋之心荷花#*","context":"","multiple":false}}
[36minfo[39m: [debug] [BOOTSTRAP] [debug] Got command of type ACTION
[36minfo[39m: [debug] [BOOTSTRAP] [debug] Got command action: find
[36minfo[39m: [debug] [BOOTSTRAP] [debug] Finding 海洋之心荷花#* using NAME with the contextId:  multiple: false
[36minfo[39m: [debug] [BOOTSTRAP] [debug] Using: UiSelector[DESCRIPTION=海洋之心荷花#*, INSTANCE=0]
[36minfo[39m: [debug] [BOOTSTRAP] [debug] Using: UiSelector[TEXT=海洋之心荷花#*, INSTANCE=0]
[36minfo[39m: [debug] [BOOTSTRAP] [debug] Failed to locate element. Clearing Accessibility cache and retrying.
[36minfo[39m: [debug] [BOOTSTRAP] [debug] Finding 海洋之心荷花#* using NAME with the contextId:  multiple: false
[36minfo[39m: [debug] [BOOTSTRAP] [debug] Using: UiSelector[DESCRIPTION=海洋之心荷花#*, INSTANCE=0]
[36minfo[39m: [debug] [BOOTSTRAP] [debug] Using: UiSelector[TEXT=海洋之心荷花#*, INSTANCE=0]
[36minfo[39m: [debug] [BOOTSTRAP] [debug] Returning result: {"value":"No element found","status":7}
[36minfo[39m: [debug] Waited for 3944ms so far
[36minfo[39m: [debug] Pushing command to appium work queue: ["find",{"strategy":"name","selector":"海洋之心荷花#*","context":"","multiple":false}]
[36minfo[39m: [debug] [BOOTSTRAP] [debug] Got data from client: {"cmd":"action","action":"find","params":{"strategy":"name","selector":"海洋之心荷花#*","context":"","multiple":false}}
[36minfo[39m: [debug] [BOOTSTRAP] [debug] Got command of type ACTION
[36minfo[39m: [debug] [BOOTSTRAP] [debug] Got command action: find
[36minfo[39m: [debug] [BOOTSTRAP] [debug] Finding 海洋之心荷花#* using NAME with the contextId:  multiple: false
[36minfo[39m: [debug] [BOOTSTRAP] [debug] Using: UiSelector[DESCRIPTION=海洋之心荷花#*, INSTANCE=0]
[36minfo[39m: [debug] [BOOTSTRAP] [debug] Using: UiSelector[TEXT=海洋之心荷花#*, INSTANCE=0]
[36minfo[39m: [debug] [BOOTSTRAP] [debug] Failed to locate element. Clearing Accessibility cache and retrying.
[36minfo[39m: [debug] [BOOTSTRAP] [debug] Finding 海洋之心荷花#* using NAME with the contextId:  multiple: false
[36minfo[39m: [debug] [BOOTSTRAP] [debug] Using: UiSelector[DESCRIPTION=海洋之心荷花#*, INSTANCE=0]
[36minfo[39m: [debug] [BOOTSTRAP] [debug] Using: UiSelector[TEXT=海洋之心荷花#*, INSTANCE=0]
[36minfo[39m: [debug] [BOOTSTRAP] [debug] Returning result: {"value":"No element found","status":7}
[36minfo[39m: [debug] Waited for 4849ms so far
[36minfo[39m: [debug] Pushing command to appium work queue: ["find",{"strategy":"name","selector":"海洋之心荷花#*","context":"","multiple":false}]
[36minfo[39m: [debug] [BOOTSTRAP] [debug] Got data from client: {"cmd":"action","action":"find","params":{"strategy":"name","selector":"海洋之心荷花#*","context":"","multiple":false}}
[36minfo[39m: [debug] [BOOTSTRAP] [debug] Got command of type ACTION
[36minfo[39m: [debug] [BOOTSTRAP] [debug] Got command action: find
[36minfo[39m: [debug] [BOOTSTRAP] [debug] Finding 海洋之心荷花#* using NAME with the contextId:  multiple: false
[36minfo[39m: [debug] [BOOTSTRAP] [debug] Using: UiSelector[DESCRIPTION=海洋之心荷花#*, INSTANCE=0]
[36minfo[39m: [debug] [BOOTSTRAP] [debug] Using: UiSelector[TEXT=海洋之心荷花#*, INSTANCE=0]
[36minfo[39m: [debug] [BOOTSTRAP] [debug] Failed to locate element. Clearing Accessibility cache and retrying.
[36minfo[39m: [debug] [BOOTSTRAP] [debug] Finding 海洋之心荷花#* using NAME with the contextId:  multiple: false
[36minfo[39m: [debug] [BOOTSTRAP] [debug] Using: UiSelector[DESCRIPTION=海洋之心荷花#*, INSTANCE=0]
[36minfo[39m: [debug] [BOOTSTRAP] [debug] Using: UiSelector[TEXT=海洋之心荷花#*, INSTANCE=0]
[36minfo[39m: [debug] [BOOTSTRAP] [debug] Returning result: {"value":"No element found","status":7}
[36minfo[39m: [debug] Waited for 5689ms so far
[36minfo[39m: [debug] Pushing command to appium work queue: ["find",{"strategy":"name","selector":"海洋之心荷花#*","context":"","multiple":false}]
[36minfo[39m: [debug] [BOOTSTRAP] [debug] Got data from client: {"cmd":"action","action":"find","params":{"strategy":"name","selector":"海洋之心荷花#*","context":"","multiple":false}}
[36minfo[39m: [debug] [BOOTSTRAP] [debug] Got command of type ACTION
[36minfo[39m: [debug] [BOOTSTRAP] [debug] Got command action: find
[36minfo[39m: [debug] [BOOTSTRAP] [debug] Finding 海洋之心荷花#* using NAME with the contextId:  multiple: false
[36minfo[39m: [debug] [BOOTSTRAP] [debug] Using: UiSelector[DESCRIPTION=海洋之心荷花#*, INSTANCE=0]
[36minfo[39m: [debug] [BOOTSTRAP] [debug] Using: UiSelector[TEXT=海洋之心荷花#*, INSTANCE=0]
[36minfo[39m: [debug] [BOOTSTRAP] [debug] Failed to locate element. Clearing Accessibility cache and retrying.
[36minfo[39m: [debug] [BOOTSTRAP] [debug] Finding 海洋之心荷花#* using NAME with the contextId:  multiple: false
[36minfo[39m: [debug] [BOOTSTRAP] [debug] Using: UiSelector[DESCRIPTION=海洋之心荷花#*, INSTANCE=0]
[36minfo[39m: [debug] [BOOTSTRAP] [debug] Using: UiSelector[TEXT=海洋之心荷花#*, INSTANCE=0]
[36minfo[39m: [debug] [BOOTSTRAP] [debug] Returning result: {"value":"No element found","status":7}
[36minfo[39m: [debug] Waited for 6668ms so far
[36minfo[39m: [debug] Pushing command to appium work queue: ["find",{"strategy":"name","selector":"海洋之心荷花#*","context":"","multiple":false}]
[36minfo[39m: [debug] [BOOTSTRAP] [debug] Got data from client: {"cmd":"action","action":"find","params":{"strategy":"name","selector":"海洋之心荷花#*","context":"","multiple":false}}
[36minfo[39m: [debug] [BOOTSTRAP] [debug] Got command of type ACTION
[36minfo[39m: [debug] [BOOTSTRAP] [debug] Got command action: find
[36minfo[39m: [debug] [BOOTSTRAP] [debug] Finding 海洋之心荷花#* using NAME with the contextId:  multiple: false
[36minfo[39m: [debug] [BOOTSTRAP] [debug] Using: UiSelector[DESCRIPTION=海洋之心荷花#*, INSTANCE=0]
[36minfo[39m: [debug] [BOOTSTRAP] [debug] Using: UiSelector[TEXT=海洋之心荷花#*, INSTANCE=0]
[36minfo[39m: [debug] [BOOTSTRAP] [debug] Failed to locate element. Clearing Accessibility cache and retrying.
[36minfo[39m: [debug] [BOOTSTRAP] [debug] Finding 海洋之心荷花#* using NAME with the contextId:  multiple: false
[36minfo[39m: [debug] [BOOTSTRAP] [debug] Using: UiSelector[DESCRIPTION=海洋之心荷花#*, INSTANCE=0]
[36minfo[39m: [debug] [BOOTSTRAP] [debug] Using: UiSelector[TEXT=海洋之心荷花#*, INSTANCE=0]
[36minfo[39m: [debug] [BOOTSTRAP] [debug] Returning result: {"value":"No element found","status":7}
[36minfo[39m: [debug] Waited for 7631ms so far
[36minfo[39m: [debug] Pushing command to appium work queue: ["find",{"strategy":"name","selector":"海洋之心荷花#*","context":"","multiple":false}]
[36minfo[39m: [debug] [BOOTSTRAP] [debug] Got data from client: {"cmd":"action","action":"find","params":{"strategy":"name","selector":"海洋之心荷花#*","context":"","multiple":false}}
[36minfo[39m: [debug] [BOOTSTRAP] [debug] Got command of type ACTION
[36minfo[39m: [debug] [BOOTSTRAP] [debug] Got command action: find
[36minfo[39m: [debug] [BOOTSTRAP] [debug] Finding 海洋之心荷花#* using NAME with the contextId:  multiple: false
[36minfo[39m: [debug] [BOOTSTRAP] [debug] Using: UiSelector[DESCRIPTION=海洋之心荷花#*, INSTANCE=0]
[36minfo[39m: [debug] [BOOTSTRAP] [debug] Using: UiSelector[TEXT=海洋之心荷花#*, INSTANCE=0]
[36minfo[39m: [debug] [BOOTSTRAP] [debug] Failed to locate element. Clearing Accessibility cache and retrying.
[36minfo[39m: [debug] [BOOTSTRAP] [debug] Finding 海洋之心荷花#* using NAME with the contextId:  multiple: false
[36minfo[39m: [debug] [BOOTSTRAP] [debug] Using: UiSelector[DESCRIPTION=海洋之心荷花#*, INSTANCE=0]
[36minfo[39m: [debug] [BOOTSTRAP] [debug] Using: UiSelector[TEXT=海洋之心荷花#*, INSTANCE=0]
[36minfo[39m: [debug] [BOOTSTRAP] [debug] Returning result: {"value":"No element found","status":7}
[36minfo[39m: [debug] Waited for 8455ms so far
[36minfo[39m: [debug] Pushing command to appium work queue: ["find",{"strategy":"name","selector":"海洋之心荷花#*","context":"","multiple":false}]
[36minfo[39m: [debug] [BOOTSTRAP] [debug] Got data from client: {"cmd":"action","action":"find","params":{"strategy":"name","selector":"海洋之心荷花#*","context":"","multiple":false}}
[36minfo[39m: [debug] [BOOTSTRAP] [debug] Got command of type ACTION
[36minfo[39m: [debug] [BOOTSTRAP] [debug] Got command action: find
[36minfo[39m: [debug] [BOOTSTRAP] [debug] Finding 海洋之心荷花#* using NAME with the contextId:  multiple: false
[36minfo[39m: [debug] [BOOTSTRAP] [debug] Using: UiSelector[DESCRIPTION=海洋之心荷花#*, INSTANCE=0]
[36minfo[39m: [debug] [BOOTSTRAP] [debug] Using: UiSelector[TEXT=海洋之心荷花#*, INSTANCE=0]
[36minfo[39m: [debug] [BOOTSTRAP] [debug] Failed to locate element. Clearing Accessibility cache and retrying.
[36minfo[39m: [debug] [BOOTSTRAP] [debug] Finding 海洋之心荷花#* using NAME with the contextId:  multiple: false
[36minfo[39m: [debug] [BOOTSTRAP] [debug] Using: UiSelector[DESCRIPTION=海洋之心荷花#*, INSTANCE=0]
[36minfo[39m: [debug] [BOOTSTRAP] [debug] Using: UiSelector[TEXT=海洋之心荷花#*, INSTANCE=0]
[36minfo[39m: [debug] Waited for 9496ms so far
[36minfo[39m: [debug] [BOOTSTRAP] [debug] Returning result: {"value":"No element found","status":7}
[36minfo[39m: [debug] Pushing command to appium work queue: ["find",{"strategy":"name","selector":"海洋之心荷花#*","context":"","multiple":false}]
[36minfo[39m: [debug] [BOOTSTRAP] [debug] Got data from client: {"cmd":"action","action":"find","params":{"strategy":"name","selector":"海洋之心荷花#*","context":"","multiple":false}}
[36minfo[39m: [debug] [BOOTSTRAP] [debug] Got command of type ACTION
[36minfo[39m: [debug] [BOOTSTRAP] [debug] Got command action: find
[36minfo[39m: [debug] [BOOTSTRAP] [debug] Finding 海洋之心荷花#* using NAME with the contextId:  multiple: false
[36minfo[39m: [debug] [BOOTSTRAP] [debug] Using: UiSelector[DESCRIPTION=海洋之心荷花#*, INSTANCE=0]
[36minfo[39m: [debug] [BOOTSTRAP] [debug] Using: UiSelector[TEXT=海洋之心荷花#*, INSTANCE=0]
[36minfo[39m: [debug] [BOOTSTRAP] [debug] Failed to locate element. Clearing Accessibility cache and retrying.
[36minfo[39m: [debug] [BOOTSTRAP] [debug] Finding 海洋之心荷花#* using NAME with the contextId:  multiple: false
[36minfo[39m: [debug] [BOOTSTRAP] [debug] Using: UiSelector[DESCRIPTION=海洋之心荷花#*, INSTANCE=0]
[36minfo[39m: [debug] [BOOTSTRAP] [debug] Using: UiSelector[TEXT=海洋之心荷花#*, INSTANCE=0]
[36minfo[39m: [debug] [BOOTSTRAP] [debug] Returning result: {"value":"No element found","status":7}
[36minfo[39m: [debug] Condition unmet after 10348ms. Timing out.
[36minfo[39m: [debug] Responding to client with error: {"status":7,"value":{"message":"An element could not be located on the page using the given search parameters.","origValue":"No element found"},"sessionId":"e2467a47-3b42-4011-9ae2-ab5f3516a84d"}
[36minfo[39m: [37m<-- POST /wd/hub/session/e2467a47-3b42-4011-9ae2-ab5f3516a84d/element [39m[31m500[39m[90m 10351.341 ms - 195[39m [90m[39m
[36minfo[39m: [37m-->[39m [37mPOST[39m [37m/wd/hub/session/e2467a47-3b42-4011-9ae2-ab5f3516a84d/element[39m [90m{"using":"name","value":"测试张哈"}[39m
[36minfo[39m: [debug] Waiting up to 10000ms for condition
[36minfo[39m: [debug] Pushing command to appium work queue: ["find",{"strategy":"name","selector":"测试张哈","context":"","multiple":false}]
[36minfo[39m: [debug] [BOOTSTRAP] [debug] Got data from client: {"cmd":"action","action":"find","params":{"strategy":"name","selector":"测试张哈","context":"","multiple":false}}
[36minfo[39m: [debug] [BOOTSTRAP] [debug] Got command of type ACTION
[36minfo[39m: [debug] [BOOTSTRAP] [debug] Got command action: find
[36minfo[39m: [debug] [BOOTSTRAP] [debug] Finding 测试张哈 using NAME with the contextId:  multiple: false
[36minfo[39m: [debug] [BOOTSTRAP] [debug] Using: UiSelector[DESCRIPTION=测试张哈, INSTANCE=0]
[36minfo[39m: [debug] [BOOTSTRAP] [debug] Using: UiSelector[TEXT=测试张哈, INSTANCE=0]
[36minfo[39m: [debug] [BOOTSTRAP] [debug] Returning result: {"value":{"ELEMENT":"7"},"status":0}
[36minfo[39m: [debug] Responding to client with success: {"status":0,"value":{"ELEMENT":"7"},"sessionId":"e2467a47-3b42-4011-9ae2-ab5f3516a84d"}
[36minfo[39m: [37m<-- POST /wd/hub/session/e2467a47-3b42-4011-9ae2-ab5f3516a84d/element [39m[32m200[39m[90m 81.526 ms - 87[39m [90m{"status":0,"value":{"ELEMENT":"7"},"sessionId":"e2467a47-3b42-4011-9ae2-ab5f3516a84d"}[39m
[36minfo[39m: [37m-->[39m [37mPOST[39m [37m/wd/hub/session/e2467a47-3b42-4011-9ae2-ab5f3516a84d/element/7/click[39m [90m{"id":"7"}[39m
[36minfo[39m: [debug] Pushing command to appium work queue: ["element:click",{"elementId":"7"}]
[36minfo[39m: [debug] [BOOTSTRAP] [debug] Got data from client: {"cmd":"action","action":"element:click","params":{"elementId":"7"}}
[36minfo[39m: [debug] [BOOTSTRAP] [debug] Got command of type ACTION
[36minfo[39m: [debug] [BOOTSTRAP] [debug] Got command action: click
[36minfo[39m: [debug] [BOOTSTRAP] [debug] Returning result: {"value":true,"status":0}
[36minfo[39m: [debug] Responding to client with success: {"status":0,"value":true,"sessionId":"e2467a47-3b42-4011-9ae2-ab5f3516a84d"}
[36minfo[39m: [37m<-- POST /wd/hub/session/e2467a47-3b42-4011-9ae2-ab5f3516a84d/element/7/click [39m[32m200[39m[90m 2844.304 ms - 76[39m [90m{"status":0,"value":true,"sessionId":"e2467a47-3b42-4011-9ae2-ab5f3516a84d"}[39m
[36minfo[39m: [37m-->[39m [37mPOST[39m [37m/wd/hub/session/e2467a47-3b42-4011-9ae2-ab5f3516a84d/elements[39m [90m{"using":"id","value":"com.hexin.hibar:id/tv_chatcontent"}[39m
[36minfo[39m: [debug] Waiting up to 10000ms for condition
[36minfo[39m: [debug] Pushing command to appium work queue: ["find",{"strategy":"id","selector":"com.hexin.hibar:id/tv_chatcontent","context":"","multiple":true}]
[36minfo[39m: [debug] [BOOTSTRAP] [debug] Got data from client: {"cmd":"action","action":"find","params":{"strategy":"id","selector":"com.hexin.hibar:id/tv_chatcontent","context":"","multiple":true}}
[36minfo[39m: [debug] [BOOTSTRAP] [debug] Got command of type ACTION
[36minfo[39m: [debug] [BOOTSTRAP] [debug] Got command action: find
[36minfo[39m: [debug] [BOOTSTRAP] [debug] Finding com.hexin.hibar:id/tv_chatcontent using ID with the contextId:  multiple: true
[36minfo[39m: [debug] [BOOTSTRAP] [debug] Using: UiSelector[RESOURCE_ID=com.hexin.hibar:id/tv_chatcontent]
[36minfo[39m: [debug] [BOOTSTRAP] [debug] getElements selector:UiSelector[RESOURCE_ID=com.hexin.hibar:id/tv_chatcontent]
[36minfo[39m: [debug] [BOOTSTRAP] [debug] Element[] is null: (0)
[36minfo[39m: [debug] [BOOTSTRAP] [debug] getElements tmp selector:UiSelector[INSTANCE=0, RESOURCE_ID=com.hexin.hibar:id/tv_chatcontent]
[36minfo[39m: [debug] [BOOTSTRAP] [debug] Element[] is null: (1)
[36minfo[39m: [debug] [BOOTSTRAP] [debug] getElements tmp selector:UiSelector[INSTANCE=1, RESOURCE_ID=com.hexin.hibar:id/tv_chatcontent]
[36minfo[39m: [debug] [BOOTSTRAP] [debug] Element[] is null: (2)
[36minfo[39m: [debug] [BOOTSTRAP] [debug] getElements tmp selector:UiSelector[INSTANCE=2, RESOURCE_ID=com.hexin.hibar:id/tv_chatcontent]
[36minfo[39m: [debug] [BOOTSTRAP] [debug] Element[] is null: (3)
[36minfo[39m: [debug] [BOOTSTRAP] [debug] getElements tmp selector:UiSelector[INSTANCE=3, RESOURCE_ID=com.hexin.hibar:id/tv_chatcontent]
[36minfo[39m: [debug] [BOOTSTRAP] [debug] Element[] is null: (4)
[36minfo[39m: [debug] [BOOTSTRAP] [debug] getElements tmp selector:UiSelector[INSTANCE=4, RESOURCE_ID=com.hexin.hibar:id/tv_chatcontent]
[36minfo[39m: [debug] [BOOTSTRAP] [debug] Element[] is null: (5)
[36minfo[39m: [debug] [BOOTSTRAP] [debug] getElements tmp selector:UiSelector[INSTANCE=5, RESOURCE_ID=com.hexin.hibar:id/tv_chatcontent]
[36minfo[39m: [debug] [BOOTSTRAP] [debug] Element[] is null: (6)
[36minfo[39m: [debug] [BOOTSTRAP] [debug] getElements tmp selector:UiSelector[INSTANCE=6, RESOURCE_ID=com.hexin.hibar:id/tv_chatcontent]
[36minfo[39m: [debug] [BOOTSTRAP] [debug] Returning result: {"value":[{"ELEMENT":"8"},{"ELEMENT":"9"},{"ELEMENT":"10"},{"ELEMENT":"11"},{"ELEMENT":"12"},{"ELEMENT":"13"}],"status":0}
[36minfo[39m: [debug] Responding to client with success: {"status":0,"value":[{"ELEMENT":"8"},{"ELEMENT":"9"},{"ELEMENT":"10"},{"ELEMENT":"11"},{"ELEMENT":"12"},{"ELEMENT":"13"}],"sessionId":"e2467a47-3b42-4011-9ae2-ab5f3516a84d"}
[36minfo[39m: [37m<-- POST /wd/hub/session/e2467a47-3b42-4011-9ae2-ab5f3516a84d/elements [39m[32m200[39m[90m 1638.892 ms - 173[39m [90m{"status":0,"value":[{"ELEMENT":"8"},{"ELEMENT":"9"},{"ELEMENT":"10"},{"ELEMENT":"11"},{"ELEMENT":"12"},{"ELEMENT":"13"}],"sessionId":"e2467a47-3b42-4011-9ae2-ab5f3516a84d"}[39m
[36minfo[39m: [37m-->[39m [37mGET[39m [37m/wd/hub/session/e2467a47-3b42-4011-9ae2-ab5f3516a84d/element/13/text[39m [90m{}[39m
[36minfo[39m: [debug] Pushing command to appium work queue: ["element:getText",{"elementId":"13"}]
[36minfo[39m: [debug] [BOOTSTRAP] [debug] Got data from client: {"cmd":"action","action":"element:getText","params":{"elementId":"13"}}
[36minfo[39m: [debug] [BOOTSTRAP] [debug] Got command of type ACTION
[36minfo[39m: [debug] [BOOTSTRAP] [debug] Got command action: getText
[36minfo[39m: [debug] Responding to client with success: {"status":0,"value":"好","sessionId":"e2467a47-3b42-4011-9ae2-ab5f3516a84d"}
[36minfo[39m: [37m<-- GET /wd/hub/session/e2467a47-3b42-4011-9ae2-ab5f3516a84d/element/13/text [39m[32m200[39m[90m 50.017 ms - 77[39m [90m{"status":0,"value":"好","sessionId":"e2467a47-3b42-4011-9ae2-ab5f3516a84d"}[39m
[36minfo[39m: [debug] [BOOTSTRAP] [debug] Returning result: {"value":"好","status":0}
